Using pre-set license
Built from '2022.3/staging' branch; Version is '2022.3.27f1 (73effa14754f) revision 7598074'; Using compiler version '192829333'; Build Type 'Release'
OS: 'Windows 11  (10.0.22631) 64bit CoreSingleLanguage' Language: 'en' Physical Memory: 16163 MB
BatchMode: 1, IsHumanControllingUs: 0, StartBugReporterOnCrash: 0, Is64bit: 1, IsPro: 1

COMMAND LINE ARGUMENTS:
E:\UnityEditor\2022.3.27f1\Editor\Unity.exe
-adb2
-batchMode
-noUpm
-name
AssetImportWorker0
-projectPath
F:/Unity_Project/Editor/PC/Offline/2D/A Village
-logFile
Logs/AssetImportWorker0.log
-srvPort
53317
Successfully changed project path to: F:/Unity_Project/Editor/PC/Offline/2D/A Village
F:/Unity_Project/Editor/PC/Offline/2D/A Village
[UnityMemory] Configuration Parameters - Can be set up in boot.config
    "memorysetup-bucket-allocator-granularity=16"
    "memorysetup-bucket-allocator-bucket-count=8"
    "memorysetup-bucket-allocator-block-size=33554432"
    "memorysetup-bucket-allocator-block-count=8"
    "memorysetup-main-allocator-block-size=16777216"
    "memorysetup-thread-allocator-block-size=16777216"
    "memorysetup-gfx-main-allocator-block-size=16777216"
    "memorysetup-gfx-thread-allocator-block-size=16777216"
    "memorysetup-cache-allocator-block-size=4194304"
    "memorysetup-typetree-allocator-block-size=2097152"
    "memorysetup-profiler-bucket-allocator-granularity=16"
    "memorysetup-profiler-bucket-allocator-bucket-count=8"
    "memorysetup-profiler-bucket-allocator-block-size=33554432"
    "memorysetup-profiler-bucket-allocator-block-count=8"
    "memorysetup-profiler-allocator-block-size=16777216"
    "memorysetup-profiler-editor-allocator-block-size=1048576"
    "memorysetup-temp-allocator-size-main=16777216"
    "memorysetup-job-temp-allocator-block-size=2097152"
    "memorysetup-job-temp-allocator-block-size-background=1048576"
    "memorysetup-job-temp-allocator-reduction-small-platforms=262144"
    "memorysetup-allocator-temp-initial-block-size-main=262144"
    "memorysetup-allocator-temp-initial-block-size-worker=262144"
    "memorysetup-temp-allocator-size-background-worker=32768"
    "memorysetup-temp-allocator-size-job-worker=262144"
    "memorysetup-temp-allocator-size-preload-manager=33554432"
    "memorysetup-temp-allocator-size-nav-mesh-worker=65536"
    "memorysetup-temp-allocator-size-audio-worker=65536"
    "memorysetup-temp-allocator-size-cloud-worker=32768"
    "memorysetup-temp-allocator-size-gi-baking-worker=262144"
    "memorysetup-temp-allocator-size-gfx=262144"
Player connection [6360] Host "[IP] 192.168.0.104 [Port] 0 [Flags] 2 [Guid] 2536133955 [EditorId] 2536133955 [Version] 1048832 [Id] WindowsEditor(7,MQuang) [Debug] 1 [PackageName] WindowsEditor [ProjectName] Editor" joined multi-casting on [225.0.0.222:54997]...

Player connection [6360] Host "[IP] 192.168.0.104 [Port] 0 [Flags] 2 [Guid] 2536133955 [EditorId] 2536133955 [Version] 1048832 [Id] WindowsEditor(7,MQuang) [Debug] 1 [PackageName] WindowsEditor [ProjectName] Editor" joined alternative multi-casting on [225.0.0.222:34997]...

[Physics::Module] Initialized MultithreadedJobDispatcher with 11 workers.
Refreshing native plugins compatible for Editor in 5.88 ms, found 4 plugins.
Preloading 0 native plugins for Editor in 0.00 ms.
Initialize engine version: 2022.3.27f1 (73effa14754f)
[Subsystems] Discovering subsystems at path E:/UnityEditor/2022.3.27f1/Editor/Data/Resources/UnitySubsystems
[Subsystems] Discovering subsystems at path F:/Unity_Project/Editor/PC/Offline/2D/A Village/Assets
GfxDevice: creating device client; threaded=0; jobified=0
Direct3D:
    Version:  Direct3D 11.0 [level 11.1]
    Renderer: NVIDIA GeForce GTX 1650 (ID=0x1f9d)
    Vendor:   NVIDIA
    VRAM:     3962 MB
    Driver:   31.0.15.1748
Initialize mono
Mono path[0] = 'E:/UnityEditor/2022.3.27f1/Editor/Data/Managed'
Mono path[1] = 'E:/UnityEditor/2022.3.27f1/Editor/Data/MonoBleedingEdge/lib/mono/unityjit-win32'
Mono config path = 'E:/UnityEditor/2022.3.27f1/Editor/Data/MonoBleedingEdge/etc'
Using monoOptions --debugger-agent=transport=dt_socket,embedding=1,server=y,suspend=n,address=127.0.0.1:56072
Begin MonoManager ReloadAssembly
Registering precompiled unity dll's ...
Register platform support module: E:/UnityEditor/2022.3.27f1/Editor/Data/PlaybackEngines/WebGLSupport/UnityEditor.WebGL.Extensions.dll
Register platform support module: E:/UnityEditor/2022.3.27f1/Editor/Data/PlaybackEngines/AndroidPlayer/UnityEditor.Android.Extensions.dll
Register platform support module: E:/UnityEditor/2022.3.27f1/Editor/Data/PlaybackEngines/WindowsStandaloneSupport/UnityEditor.WindowsStandalone.Extensions.dll
Registered in 0.003260 seconds.
- Loaded All Assemblies, in  0.489 seconds
Native extension for WindowsStandalone target not found
Native extension for Android target not found
Android Extension - Scanning For ADB Devices 240 ms
Native extension for WebGL target not found
Mono: successfully reloaded assembly
- Finished resetting the current domain, in  0.638 seconds
Domain Reload Profiling: 1127ms
	BeginReloadAssembly (176ms)
		ExecutionOrderSort (0ms)
		DisableScriptedObjects (0ms)
		BackupInstance (0ms)
		ReleaseScriptingObjects (0ms)
		CreateAndSetChildDomain (1ms)
	RebuildCommonClasses (49ms)
	RebuildNativeTypeToScriptingClass (12ms)
	initialDomainReloadingComplete (55ms)
	LoadAllAssembliesAndSetupDomain (197ms)
		LoadAssemblies (176ms)
		RebuildTransferFunctionScriptingTraits (0ms)
		AnalyzeDomain (194ms)
			TypeCache.Refresh (192ms)
				TypeCache.ScanAssembly (170ms)
			ScanForSourceGeneratedMonoScriptInfo (1ms)
			ResolveRequiredComponents (0ms)
	FinalizeReload (639ms)
		ReleaseScriptCaches (0ms)
		RebuildScriptCaches (0ms)
		SetupLoadedEditorAssemblies (572ms)
			LogAssemblyErrors (0ms)
			InitializePlatformSupportModulesInManaged (393ms)
			SetLoadedEditorAssemblies (4ms)
			RefreshPlugins (0ms)
			BeforeProcessingInitializeOnLoad (3ms)
			ProcessInitializeOnLoadAttributes (126ms)
			ProcessInitializeOnLoadMethodAttributes (46ms)
			AfterProcessingInitializeOnLoad (0ms)
			EditorAssembliesLoaded (0ms)
		ExecutionOrderSort2 (0ms)
		AwakeInstancesAfterBackupRestoration (0ms)
========================================================================
Worker process is ready to serve import requests
Begin MonoManager ReloadAssembly
- Loaded All Assemblies, in  0.658 seconds
Refreshing native plugins compatible for Editor in 3.27 ms, found 4 plugins.
Native extension for WindowsStandalone target not found
Native extension for Android target not found
Native extension for WebGL target not found
Package Manager log level set to [2]
[Package Manager] Server::EnsureServerProcessIsRunning -- launch failed, reason: Unity was launched with the -noUpm command-line argument
[Package Manager] UpmClient::Send -- Unable to send message (not connected to UPM process).
[Package Manager] Cannot connect to Unity Package Manager local server
Mono: successfully reloaded assembly
- Finished resetting the current domain, in  0.687 seconds
Domain Reload Profiling: 1345ms
	BeginReloadAssembly (139ms)
		ExecutionOrderSort (0ms)
		DisableScriptedObjects (5ms)
		BackupInstance (0ms)
		ReleaseScriptingObjects (0ms)
		CreateAndSetChildDomain (24ms)
	RebuildCommonClasses (31ms)
	RebuildNativeTypeToScriptingClass (10ms)
	initialDomainReloadingComplete (37ms)
	LoadAllAssembliesAndSetupDomain (441ms)
		LoadAssemblies (296ms)
		RebuildTransferFunctionScriptingTraits (0ms)
		AnalyzeDomain (221ms)
			TypeCache.Refresh (178ms)
				TypeCache.ScanAssembly (159ms)
			ScanForSourceGeneratedMonoScriptInfo (27ms)
			ResolveRequiredComponents (14ms)
	FinalizeReload (687ms)
		ReleaseScriptCaches (0ms)
		RebuildScriptCaches (0ms)
		SetupLoadedEditorAssemblies (499ms)
			LogAssemblyErrors (0ms)
			InitializePlatformSupportModulesInManaged (23ms)
			SetLoadedEditorAssemblies (5ms)
			RefreshPlugins (0ms)
			BeforeProcessingInitializeOnLoad (70ms)
			ProcessInitializeOnLoadAttributes (312ms)
			ProcessInitializeOnLoadMethodAttributes (88ms)
			AfterProcessingInitializeOnLoad (2ms)
			EditorAssembliesLoaded (0ms)
		ExecutionOrderSort2 (0ms)
		AwakeInstancesAfterBackupRestoration (6ms)
Launched and connected shader compiler UnityShaderCompiler.exe after 0.04 seconds
Refreshing native plugins compatible for Editor in 2.41 ms, found 4 plugins.
Preloading 0 native plugins for Editor in 0.00 ms.
Unloading 5677 Unused Serialized files (Serialized files now loaded: 0)
Unloading 101 unused Assets / (0.9 MB). Loaded Objects now: 6123.
Memory consumption went from 224.7 MB to 223.8 MB.
Total: 4.283100 ms (FindLiveObjects: 0.458700 ms CreateObjectMapping: 0.250800 ms MarkObjects: 3.128800 ms  DeleteObjects: 0.443000 ms)

AssetImportParameters requested are different than current active one (requested -> active):
  custom:container-demuxer-ogg: 62fdf1f143b41e24485cea50d1cbac27 -> 
  custom:video-codec-MediaFoundation-h265: 746d11721c4dcdbdad8f713fa42b33f4 -> 
  custom:video-decoder-ogg-theora: a1e56fd34408186e4bbccfd4996cb3dc -> 
  custom:framework-win-MediaFoundation: 216162199b28c13a410421893ffa2e32 -> 
  custom:CustomObjectIndexerAttribute: 72b91833f83ae208fae7752999fa3104 -> 
  custom:container-demuxer-webm: 4f35f7cbe854078d1ac9338744f61a02 -> 
  custom:container-muxer-webm: aa71ff27fc2769a1b78a27578f13a17b -> 
  custom:video-decoder-webm-vp8: 9c59270c3fd7afecdb556c50c9e8de78 -> 
  custom:SearchIndexIgnoredProperties: e643bd26f0fe6173181afceb89e7c659 -> 
  custom:AudioImporter_EditorPlatform: d09bf68614088b80899f8185d706f6e7 -> 
  custom:video-encoder-webm-vp8: eb34c28f22e8b96e1ab97ce403110664 -> 
  custom:audio-decoder-ogg-vorbis: bf7c407c2cedff20999df2af8eb42d56 -> 
  custom:audio-encoder-webm-vorbis: bf7c407c2cedff20999df2af8eb42d56 -> 
========================================================================
Received Import Request.
  Time since last request: 13959.158817 seconds.
  path: Assets/G_Asset/Internal/Scripts/PathFinding/APathFinding.cs
  artifactKey: Guid(6ee06d17270469a4a92bf4d44d09da25) Importer(815301076,1909f56bfc062723c751e8b465ee728b)
Start importing Assets/G_Asset/Internal/Scripts/PathFinding/APathFinding.cs using Guid(6ee06d17270469a4a92bf4d44d09da25) Importer(815301076,1909f56bfc062723c751e8b465ee728b)  -> (artifact id: '9244698cc510b2728898b7731ddd2cea') in 0.003773 seconds
Number of updated asset objects reloaded before import = 0
Number of asset objects unloaded after import = 0
========================================================================
Received Import Request.
  Time since last request: 172.738948 seconds.
  path: Assets/G_Asset/Internal/Scripts/PathFinding/APathFinding.cs
  artifactKey: Guid(6ee06d17270469a4a92bf4d44d09da25) Importer(815301076,1909f56bfc062723c751e8b465ee728b)
Start importing Assets/G_Asset/Internal/Scripts/PathFinding/APathFinding.cs using Guid(6ee06d17270469a4a92bf4d44d09da25) Importer(815301076,1909f56bfc062723c751e8b465ee728b)  -> (artifact id: '00000000000000000000000000000000') in 0.000677 seconds
Import Error Code:(4)
Message: Build asset version error: assets/g_asset/internal/scripts/pathfinding/apathfinding.cs in SourceAssetDB has modification time of '2024-05-10T14:27:16.6666175Z' while content on disk has modification time of '2024-05-10T14:27:16.8183707Z'
  ERROR: Build asset version error: assets/g_asset/internal/scripts/pathfinding/apathfinding.cs in SourceAssetDB has modification time of '2024-05-10T14:27:16.6666175Z' while content on disk has modification time of '2024-05-10T14:27:16.8183707Z'
Number of updated asset objects reloaded before import = 0
Number of asset objects unloaded after import = 0
========================================================================
Received Import Request.
  Time since last request: 0.007256 seconds.
  path: Assets/G_Asset/Internal/Scripts/PathFinding/APathFinding.cs
  artifactKey: Guid(6ee06d17270469a4a92bf4d44d09da25) Importer(815301076,1909f56bfc062723c751e8b465ee728b)
Start importing Assets/G_Asset/Internal/Scripts/PathFinding/APathFinding.cs using Guid(6ee06d17270469a4a92bf4d44d09da25) Importer(815301076,1909f56bfc062723c751e8b465ee728b)  -> (artifact id: '53226eb60dbdd3fec51cc713fd3ab1a8') in 0.000623 seconds
Number of updated asset objects reloaded before import = 0
Number of asset objects unloaded after import = 0
========================================================================
Received Import Request.
  Time since last request: 5.874000 seconds.
  path: Assets/G_Asset/Internal/Scripts/PathFinding/APathFinding.cs
  artifactKey: Guid(6ee06d17270469a4a92bf4d44d09da25) Importer(815301076,1909f56bfc062723c751e8b465ee728b)
Start importing Assets/G_Asset/Internal/Scripts/PathFinding/APathFinding.cs using Guid(6ee06d17270469a4a92bf4d44d09da25) Importer(815301076,1909f56bfc062723c751e8b465ee728b)  -> (artifact id: '5b953d2f3a0888c34ca6953a208912ee') in 0.000783 seconds
Number of updated asset objects reloaded before import = 0
Number of asset objects unloaded after import = 0
========================================================================
Received Import Request.
  Time since last request: 32.858029 seconds.
  path: Assets/G_Asset/Internal/Scripts/PathFinding/APathFinding.cs
  artifactKey: Guid(6ee06d17270469a4a92bf4d44d09da25) Importer(815301076,1909f56bfc062723c751e8b465ee728b)
Start importing Assets/G_Asset/Internal/Scripts/PathFinding/APathFinding.cs using Guid(6ee06d17270469a4a92bf4d44d09da25) Importer(815301076,1909f56bfc062723c751e8b465ee728b)  -> (artifact id: '0e9de93eb8d9e40a322e175ae849930e') in 0.000717 seconds
Number of updated asset objects reloaded before import = 0
Number of asset objects unloaded after import = 0
========================================================================
Received Import Request.
  Time since last request: 10.441432 seconds.
  path: Assets/G_Asset/Internal/Scripts/PathFinding/APathFinding.cs
  artifactKey: Guid(6ee06d17270469a4a92bf4d44d09da25) Importer(815301076,1909f56bfc062723c751e8b465ee728b)
Start importing Assets/G_Asset/Internal/Scripts/PathFinding/APathFinding.cs using Guid(6ee06d17270469a4a92bf4d44d09da25) Importer(815301076,1909f56bfc062723c751e8b465ee728b)  -> (artifact id: '00000000000000000000000000000000') in 0.000903 seconds
Import Error Code:(4)
Message: Build asset version error: assets/g_asset/internal/scripts/pathfinding/apathfinding.cs in SourceAssetDB has modification time of '2024-05-10T14:28:05.9158479Z' while content on disk has modification time of '2024-05-10T14:28:06.0721301Z'
  ERROR: Build asset version error: assets/g_asset/internal/scripts/pathfinding/apathfinding.cs in SourceAssetDB has modification time of '2024-05-10T14:28:05.9158479Z' while content on disk has modification time of '2024-05-10T14:28:06.0721301Z'
Number of updated asset objects reloaded before import = 0
Number of asset objects unloaded after import = 0
========================================================================
Received Import Request.
  Time since last request: 0.008239 seconds.
  path: Assets/G_Asset/Internal/Scripts/PathFinding/APathFinding.cs
  artifactKey: Guid(6ee06d17270469a4a92bf4d44d09da25) Importer(815301076,1909f56bfc062723c751e8b465ee728b)
Start importing Assets/G_Asset/Internal/Scripts/PathFinding/APathFinding.cs using Guid(6ee06d17270469a4a92bf4d44d09da25) Importer(815301076,1909f56bfc062723c751e8b465ee728b)  -> (artifact id: 'a942e8d5c868e79bd67e50cdf1056903') in 0.000524 seconds
Number of updated asset objects reloaded before import = 0
Number of asset objects unloaded after import = 0
========================================================================
Received Import Request.
  Time since last request: 8.901208 seconds.
  path: Assets/G_Asset/Internal/Scripts/PathFinding/APathFinding.cs
  artifactKey: Guid(6ee06d17270469a4a92bf4d44d09da25) Importer(815301076,1909f56bfc062723c751e8b465ee728b)
Start importing Assets/G_Asset/Internal/Scripts/PathFinding/APathFinding.cs using Guid(6ee06d17270469a4a92bf4d44d09da25) Importer(815301076,1909f56bfc062723c751e8b465ee728b)  -> (artifact id: '00000000000000000000000000000000') in 0.000776 seconds
Import Error Code:(4)
Message: Build asset version error: assets/g_asset/internal/scripts/pathfinding/apathfinding.cs in SourceAssetDB has modification time of '2024-05-10T14:28:14.8811743Z' while content on disk has modification time of '2024-05-10T14:28:15.0236192Z'
  ERROR: Build asset version error: assets/g_asset/internal/scripts/pathfinding/apathfinding.cs in SourceAssetDB has modification time of '2024-05-10T14:28:14.8811743Z' while content on disk has modification time of '2024-05-10T14:28:15.0236192Z'
Number of updated asset objects reloaded before import = 0
Number of asset objects unloaded after import = 0
========================================================================
Received Import Request.
  Time since last request: 0.004132 seconds.
  path: Assets/G_Asset/Internal/Scripts/PathFinding/APathFinding.cs
  artifactKey: Guid(6ee06d17270469a4a92bf4d44d09da25) Importer(815301076,1909f56bfc062723c751e8b465ee728b)
Start importing Assets/G_Asset/Internal/Scripts/PathFinding/APathFinding.cs using Guid(6ee06d17270469a4a92bf4d44d09da25) Importer(815301076,1909f56bfc062723c751e8b465ee728b)  -> (artifact id: '00000000000000000000000000000000') in 0.000819 seconds
Import Error Code:(4)
Message: Build asset version error: assets/g_asset/internal/scripts/pathfinding/apathfinding.cs in SourceAssetDB has modification time of '2024-05-10T14:28:14.8811743Z' while content on disk has modification time of '2024-05-10T14:28:15.0236192Z'
  ERROR: Build asset version error: assets/g_asset/internal/scripts/pathfinding/apathfinding.cs in SourceAssetDB has modification time of '2024-05-10T14:28:14.8811743Z' while content on disk has modification time of '2024-05-10T14:28:15.0236192Z'
Number of updated asset objects reloaded before import = 0
Number of asset objects unloaded after import = 0
========================================================================
Received Import Request.
  Time since last request: 0.004728 seconds.
  path: Assets/G_Asset/Internal/Scripts/PathFinding/APathFinding.cs
  artifactKey: Guid(6ee06d17270469a4a92bf4d44d09da25) Importer(815301076,1909f56bfc062723c751e8b465ee728b)
Start importing Assets/G_Asset/Internal/Scripts/PathFinding/APathFinding.cs using Guid(6ee06d17270469a4a92bf4d44d09da25) Importer(815301076,1909f56bfc062723c751e8b465ee728b)  -> (artifact id: '00000000000000000000000000000000') in 0.000482 seconds
Import Error Code:(4)
Message: Build asset version error: assets/g_asset/internal/scripts/pathfinding/apathfinding.cs in SourceAssetDB has modification time of '2024-05-10T14:28:14.8811743Z' while content on disk has modification time of '2024-05-10T14:28:15.0236192Z'
  ERROR: Build asset version error: assets/g_asset/internal/scripts/pathfinding/apathfinding.cs in SourceAssetDB has modification time of '2024-05-10T14:28:14.8811743Z' while content on disk has modification time of '2024-05-10T14:28:15.0236192Z'
Number of updated asset objects reloaded before import = 0
Number of asset objects unloaded after import = 0
========================================================================
Received Import Request.
  Time since last request: 0.011243 seconds.
  path: Assets/G_Asset/Internal/Scripts/PathFinding/APathFinding.cs
  artifactKey: Guid(6ee06d17270469a4a92bf4d44d09da25) Importer(815301076,1909f56bfc062723c751e8b465ee728b)
Start importing Assets/G_Asset/Internal/Scripts/PathFinding/APathFinding.cs using Guid(6ee06d17270469a4a92bf4d44d09da25) Importer(815301076,1909f56bfc062723c751e8b465ee728b)  -> (artifact id: '00000000000000000000000000000000') in 0.000875 seconds
Import Error Code:(4)
Message: Build asset version error: assets/g_asset/internal/scripts/pathfinding/apathfinding.cs in SourceAssetDB has modification time of '2024-05-10T14:28:14.8811743Z' while content on disk has modification time of '2024-05-10T14:28:15.0236192Z'
  ERROR: Build asset version error: assets/g_asset/internal/scripts/pathfinding/apathfinding.cs in SourceAssetDB has modification time of '2024-05-10T14:28:14.8811743Z' while content on disk has modification time of '2024-05-10T14:28:15.0236192Z'
Number of updated asset objects reloaded before import = 0
Number of asset objects unloaded after import = 0
========================================================================
Received Import Request.
  Time since last request: 0.011597 seconds.
  path: Assets/G_Asset/Internal/Scripts/PathFinding/APathFinding.cs
  artifactKey: Guid(6ee06d17270469a4a92bf4d44d09da25) Importer(815301076,1909f56bfc062723c751e8b465ee728b)
Start importing Assets/G_Asset/Internal/Scripts/PathFinding/APathFinding.cs using Guid(6ee06d17270469a4a92bf4d44d09da25) Importer(815301076,1909f56bfc062723c751e8b465ee728b)  -> (artifact id: 'eacf9ac38c1b364065a32be0297940c7') in 0.000519 seconds
Number of updated asset objects reloaded before import = 0
Number of asset objects unloaded after import = 0
========================================================================
Received Import Request.
  Time since last request: 3.688442 seconds.
  path: Assets/G_Asset/Internal/Scripts/PathFinding/APathFinding.cs
  artifactKey: Guid(6ee06d17270469a4a92bf4d44d09da25) Importer(815301076,1909f56bfc062723c751e8b465ee728b)
Start importing Assets/G_Asset/Internal/Scripts/PathFinding/APathFinding.cs using Guid(6ee06d17270469a4a92bf4d44d09da25) Importer(815301076,1909f56bfc062723c751e8b465ee728b)  -> (artifact id: '3e64acfb9c287e679b4e72d9a3833d33') in 0.000509 seconds
Number of updated asset objects reloaded before import = 0
Number of asset objects unloaded after import = 0
========================================================================
Received Import Request.
  Time since last request: 9.749101 seconds.
  path: Assets/G_Asset/Internal/Scripts/PathFinding/APathFinding.cs
  artifactKey: Guid(6ee06d17270469a4a92bf4d44d09da25) Importer(815301076,1909f56bfc062723c751e8b465ee728b)
Start importing Assets/G_Asset/Internal/Scripts/PathFinding/APathFinding.cs using Guid(6ee06d17270469a4a92bf4d44d09da25) Importer(815301076,1909f56bfc062723c751e8b465ee728b)  -> (artifact id: 'a7720ed636640347263394ef820db6b4') in 0.000617 seconds
Number of updated asset objects reloaded before import = 0
Number of asset objects unloaded after import = 0
========================================================================
Received Import Request.
  Time since last request: 6.606705 seconds.
  path: Assets/G_Asset/Internal/Scripts/PathFinding/APathFinding.cs
  artifactKey: Guid(6ee06d17270469a4a92bf4d44d09da25) Importer(815301076,1909f56bfc062723c751e8b465ee728b)
Start importing Assets/G_Asset/Internal/Scripts/PathFinding/APathFinding.cs using Guid(6ee06d17270469a4a92bf4d44d09da25) Importer(815301076,1909f56bfc062723c751e8b465ee728b)  -> (artifact id: '952d6a6e09119f78786dac0ca9797689') in 0.000733 seconds
Number of updated asset objects reloaded before import = 0
Number of asset objects unloaded after import = 0
========================================================================
Received Prepare
Begin MonoManager ReloadAssembly
- Loaded All Assemblies, in  0.491 seconds
Refreshing native plugins compatible for Editor in 3.51 ms, found 4 plugins.
Native extension for WindowsStandalone target not found
Native extension for Android target not found
Native extension for WebGL target not found
[Package Manager] Server::EnsureServerProcessIsRunning -- launch failed, reason: Unity was launched with the -noUpm command-line argument
[Package Manager] UpmClient::Send -- Unable to send message (not connected to UPM process).
[Package Manager] Cannot connect to Unity Package Manager local server
Mono: successfully reloaded assembly
- Finished resetting the current domain, in  0.946 seconds
Domain Reload Profiling: 1437ms
	BeginReloadAssembly (164ms)
		ExecutionOrderSort (0ms)
		DisableScriptedObjects (10ms)
		BackupInstance (0ms)
		ReleaseScriptingObjects (0ms)
		CreateAndSetChildDomain (45ms)
	RebuildCommonClasses (42ms)
	RebuildNativeTypeToScriptingClass (13ms)
	initialDomainReloadingComplete (22ms)
	LoadAllAssembliesAndSetupDomain (249ms)
		LoadAssemblies (273ms)
		RebuildTransferFunctionScriptingTraits (0ms)
		AnalyzeDomain (53ms)
			TypeCache.Refresh (13ms)
				TypeCache.ScanAssembly (0ms)
			ScanForSourceGeneratedMonoScriptInfo (28ms)
			ResolveRequiredComponents (11ms)
	FinalizeReload (946ms)
		ReleaseScriptCaches (0ms)
		RebuildScriptCaches (0ms)
		SetupLoadedEditorAssemblies (433ms)
			LogAssemblyErrors (0ms)
			InitializePlatformSupportModulesInManaged (20ms)
			SetLoadedEditorAssemblies (5ms)
			RefreshPlugins (0ms)
			BeforeProcessingInitializeOnLoad (67ms)
			ProcessInitializeOnLoadAttributes (269ms)
			ProcessInitializeOnLoadMethodAttributes (70ms)
			AfterProcessingInitializeOnLoad (1ms)
			EditorAssembliesLoaded (0ms)
		ExecutionOrderSort2 (0ms)
		AwakeInstancesAfterBackupRestoration (12ms)
Refreshing native plugins compatible for Editor in 2.74 ms, found 4 plugins.
Preloading 0 native plugins for Editor in 0.00 ms.
Unloading 5538 Unused Serialized files (Serialized files now loaded: 0)
Unloading 64 unused Assets / (0.9 MB). Loaded Objects now: 6129.
Memory consumption went from 201.1 MB to 200.2 MB.
Total: 4.106800 ms (FindLiveObjects: 0.544400 ms CreateObjectMapping: 0.257900 ms MarkObjects: 2.808200 ms  DeleteObjects: 0.494700 ms)

Prepare: number of updated asset objects reloaded= 0
AssetImportParameters requested are different than current active one (requested -> active):
  custom:container-demuxer-ogg: 62fdf1f143b41e24485cea50d1cbac27 -> 
  custom:video-codec-MediaFoundation-h265: 746d11721c4dcdbdad8f713fa42b33f4 -> 
  custom:video-decoder-ogg-theora: a1e56fd34408186e4bbccfd4996cb3dc -> 
  custom:framework-win-MediaFoundation: 216162199b28c13a410421893ffa2e32 -> 
  custom:CustomObjectIndexerAttribute: 72b91833f83ae208fae7752999fa3104 -> 
  custom:container-demuxer-webm: 4f35f7cbe854078d1ac9338744f61a02 -> 
  custom:container-muxer-webm: aa71ff27fc2769a1b78a27578f13a17b -> 
  custom:video-decoder-webm-vp8: 9c59270c3fd7afecdb556c50c9e8de78 -> 
  custom:SearchIndexIgnoredProperties: e643bd26f0fe6173181afceb89e7c659 -> 
  custom:AudioImporter_EditorPlatform: d09bf68614088b80899f8185d706f6e7 -> 
  custom:video-encoder-webm-vp8: eb34c28f22e8b96e1ab97ce403110664 -> 
  custom:audio-decoder-ogg-vorbis: bf7c407c2cedff20999df2af8eb42d56 -> 
  custom:audio-encoder-webm-vorbis: bf7c407c2cedff20999df2af8eb42d56 -> 
